[02-Sep-2025 10:30:48 UTC] Xdebug: [Step Debug] Could not connect to debugging client. Tried: localhost:9003 (through xdebug.client_host/xdebug.client_port).
[02-Sep-2025 10:31:02 UTC] Xdebug: [Step Debug] Could not connect to debugging client. Tried: localhost:9003 (through xdebug.client_host/xdebug.client_port).
[02-Sep-2025 10:31:02 UTC] PHP Fatal error:  Uncaught PDOException: SQLSTATE[HY000] [1045] Access denied for user 'bit_academay'@'localhost' (using password: YES) in /Users/giorgio/Documents/nexed/deep-dives/pokemon/Pok-dex/classes/Database.php:24
Stack trace:
#0 /Users/giorgio/Documents/nexed/deep-dives/pokemon/Pok-dex/classes/Database.php(24): PDO->__construct('mysql:host=loca...', 'bit_academay', Object(SensitiveParameterValue))
#1 /Users/giorgio/Documents/nexed/deep-dives/pokemon/Pok-dex/index.php(11): Database\Database->getConnection()
#2 {main}
  thrown in /Users/giorgio/Documents/nexed/deep-dives/pokemon/Pok-dex/classes/Database.php on line 24
[02-Sep-2025 10:31:10 UTC] Xdebug: [Step Debug] Could not connect to debugging client. Tried: localhost:9003 (through xdebug.client_host/xdebug.client_port).
[02-Sep-2025 10:31:58 UTC] Xdebug: [Step Debug] Could not connect to debugging client. Tried: localhost:9003 (through xdebug.client_host/xdebug.client_port).
[02-Sep-2025 10:32:06 UTC] Xdebug: [Step Debug] Could not connect to debugging client. Tried: localhost:9003 (through xdebug.client_host/xdebug.client_port).
[02-Sep-2025 10:32:06 UTC] PHP Fatal error:  Uncaught PDOException: SQLSTATE[HY000] [1045] Access denied for user 'bit_academay'@'localhost' (using password: YES) in /Users/giorgio/Documents/nexed/deep-dives/pokemon/Pok-dex/classes/Database.php:24
Stack trace:
#0 /Users/giorgio/Documents/nexed/deep-dives/pokemon/Pok-dex/classes/Database.php(24): PDO->__construct('mysql:host=loca...', 'bit_academay', Object(SensitiveParameterValue))
#1 /Users/giorgio/Documents/nexed/deep-dives/pokemon/Pok-dex/index.php(11): Database\Database->getConnection()
#2 {main}
  thrown in /Users/giorgio/Documents/nexed/deep-dives/pokemon/Pok-dex/classes/Database.php on line 24
[02-Sep-2025 10:32:14 UTC] Xdebug: [Step Debug] Could not connect to debugging client. Tried: localhost:9003 (through xdebug.client_host/xdebug.client_port).
[02-Sep-2025 10:34:01 UTC] Xdebug: [Step Debug] Could not connect to debugging client. Tried: localhost:9003 (through xdebug.client_host/xdebug.client_port).
[02-Sep-2025 10:38:36 UTC] Xdebug: [Step Debug] Could not connect to debugging client. Tried: localhost:9003 (through xdebug.client_host/xdebug.client_port).
[02-Sep-2025 10:39:25 UTC] Xdebug: [Step Debug] Could not connect to debugging client. Tried: localhost:9003 (through xdebug.client_host/xdebug.client_port).
[02-Sep-2025 11:09:32 UTC] Xdebug: [Step Debug] Could not connect to debugging client. Tried: localhost:9003 (through xdebug.client_host/xdebug.client_port).
[02-Sep-2025 11:11:44 UTC] Xdebug: [Step Debug] Could not connect to debugging client. Tried: localhost:9003 (through xdebug.client_host/xdebug.client_port).
[02-Sep-2025 11:11:45 UTC] Xdebug: [Step Debug] Could not connect to debugging client. Tried: localhost:9003 (through xdebug.client_host/xdebug.client_port).
[02-Sep-2025 11:13:35 UTC] Xdebug: [Step Debug] Could not connect to debugging client. Tried: localhost:9003 (through xdebug.client_host/xdebug.client_port).
[02-Sep-2025 11:13:50 UTC] Xdebug: [Step Debug] Could not connect to debugging client. Tried: localhost:9003 (through xdebug.client_host/xdebug.client_port).
[02-Sep-2025 11:15:00 UTC] Xdebug: [Step Debug] Could not connect to debugging client. Tried: localhost:9003 (through xdebug.client_host/xdebug.client_port).
[02-Sep-2025 11:15:13 UTC] Xdebug: [Step Debug] Could not connect to debugging client. Tried: localhost:9003 (through xdebug.client_host/xdebug.client_port).
[02-Sep-2025 11:15:13 UTC] PHP Warning:  Array to string conversion in /Users/giorgio/Documents/nexed/deep-dives/pokemon/Pok-dex/index.php on line 15
[02-Sep-2025 11:15:22 UTC] Xdebug: [Step Debug] Could not connect to debugging client. Tried: localhost:9003 (through xdebug.client_host/xdebug.client_port).
[02-Sep-2025 11:17:23 UTC] Xdebug: [Step Debug] Could not connect to debugging client. Tried: localhost:9003 (through xdebug.client_host/xdebug.client_port).
[02-Sep-2025 11:17:37 UTC] Xdebug: [Step Debug] Could not connect to debugging client. Tried: localhost:9003 (through xdebug.client_host/xdebug.client_port).
[02-Sep-2025 11:17:50 UTC] Xdebug: [Step Debug] Could not connect to debugging client. Tried: localhost:9003 (through xdebug.client_host/xdebug.client_port).
[02-Sep-2025 11:18:37 UTC] Xdebug: [Step Debug] Could not connect to debugging client. Tried: localhost:9003 (through xdebug.client_host/xdebug.client_port).
[02-Sep-2025 11:18:38 UTC] Xdebug: [Step Debug] Could not connect to debugging client. Tried: localhost:9003 (through xdebug.client_host/xdebug.client_port).
[02-Sep-2025 11:18:52 UTC] Xdebug: [Step Debug] Could not connect to debugging client. Tried: localhost:9003 (through xdebug.client_host/xdebug.client_port).
[02-Sep-2025 11:19:02 UTC] Xdebug: [Step Debug] Could not connect to debugging client. Tried: localhost:9003 (through xdebug.client_host/xdebug.client_port).
[02-Sep-2025 11:20:20 UTC] Xdebug: [Step Debug] Could not connect to debugging client. Tried: localhost:9003 (through xdebug.client_host/xdebug.client_port).
[02-Sep-2025 11:20:34 UTC] Xdebug: [Step Debug] Could not connect to debugging client. Tried: localhost:9003 (through xdebug.client_host/xdebug.client_port).
[02-Sep-2025 11:20:39 UTC] Xdebug: [Step Debug] Could not connect to debugging client. Tried: localhost:9003 (through xdebug.client_host/xdebug.client_port).
[02-Sep-2025 11:20:51 UTC] Xdebug: [Step Debug] Could not connect to debugging client. Tried: localhost:9003 (through xdebug.client_host/xdebug.client_port).
[02-Sep-2025 11:21:05 UTC] Xdebug: [Step Debug] Could not connect to debugging client. Tried: localhost:9003 (through xdebug.client_host/xdebug.client_port).
[02-Sep-2025 11:21:30 UTC] Xdebug: [Step Debug] Could not connect to debugging client. Tried: localhost:9003 (through xdebug.client_host/xdebug.client_port).
[02-Sep-2025 11:21:33 UTC] Xdebug: [Step Debug] Could not connect to debugging client. Tried: localhost:9003 (through xdebug.client_host/xdebug.client_port).
[02-Sep-2025 11:21:38 UTC] Xdebug: [Step Debug] Could not connect to debugging client. Tried: localhost:9003 (through xdebug.client_host/xdebug.client_port).
[02-Sep-2025 11:21:42 UTC] Xdebug: [Step Debug] Could not connect to debugging client. Tried: localhost:9003 (through xdebug.client_host/xdebug.client_port).
[02-Sep-2025 11:21:45 UTC] Xdebug: [Step Debug] Could not connect to debugging client. Tried: localhost:9003 (through xdebug.client_host/xdebug.client_port).
[02-Sep-2025 11:21:47 UTC] Xdebug: [Step Debug] Could not connect to debugging client. Tried: localhost:9003 (through xdebug.client_host/xdebug.client_port).
[02-Sep-2025 11:22:13 UTC] Xdebug: [Step Debug] Could not connect to debugging client. Tried: localhost:9003 (through xdebug.client_host/xdebug.client_port).
[02-Sep-2025 11:27:36 UTC] Xdebug: [Step Debug] Could not connect to debugging client. Tried: localhost:9003 (through xdebug.client_host/xdebug.client_port).
[02-Sep-2025 11:27:40 UTC] Xdebug: [Step Debug] Could not connect to debugging client. Tried: localhost:9003 (through xdebug.client_host/xdebug.client_port).
[02-Sep-2025 11:27:43 UTC] Xdebug: [Step Debug] Could not connect to debugging client. Tried: localhost:9003 (through xdebug.client_host/xdebug.client_port).
[02-Sep-2025 11:27:46 UTC] Xdebug: [Step Debug] Could not connect to debugging client. Tried: localhost:9003 (through xdebug.client_host/xdebug.client_port).
[02-Sep-2025 11:27:59 UTC] Xdebug: [Step Debug] Could not connect to debugging client. Tried: localhost:9003 (through xdebug.client_host/xdebug.client_port).
[02-Sep-2025 11:28:02 UTC] Xdebug: [Step Debug] Could not connect to debugging client. Tried: localhost:9003 (through xdebug.client_host/xdebug.client_port).
[02-Sep-2025 11:28:04 UTC] Xdebug: [Step Debug] Could not connect to debugging client. Tried: localhost:9003 (through xdebug.client_host/xdebug.client_port).
[02-Sep-2025 11:28:26 UTC] Xdebug: [Step Debug] Could not connect to debugging client. Tried: localhost:9003 (through xdebug.client_host/xdebug.client_port).
[02-Sep-2025 11:31:26 UTC] Xdebug: [Step Debug] Could not connect to debugging client. Tried: localhost:9003 (through xdebug.client_host/xdebug.client_port).
[02-Sep-2025 11:32:40 UTC] Xdebug: [Step Debug] Could not connect to debugging client. Tried: localhost:9003 (through xdebug.client_host/xdebug.client_port).
[02-Sep-2025 11:32:40 UTC] PHP Fatal error:  Uncaught Error: Class "Controller" not found in /Users/giorgio/Documents/nexed/deep-dives/pokemon/Pok-dex/index.php:35
Stack trace:
#0 {main}
  thrown in /Users/giorgio/Documents/nexed/deep-dives/pokemon/Pok-dex/index.php on line 35
[02-Sep-2025 11:32:49 UTC] Xdebug: [Step Debug] Could not connect to debugging client. Tried: localhost:9003 (through xdebug.client_host/xdebug.client_port).
[02-Sep-2025 11:32:49 UTC] PHP Fatal error:  Uncaught Error: Class "Controller" not found in /Users/giorgio/Documents/nexed/deep-dives/pokemon/Pok-dex/index.php:35
Stack trace:
#0 {main}
  thrown in /Users/giorgio/Documents/nexed/deep-dives/pokemon/Pok-dex/index.php on line 35
[02-Sep-2025 11:34:40 UTC] Xdebug: [Step Debug] Could not connect to debugging client. Tried: localhost:9003 (through xdebug.client_host/xdebug.client_port).
[02-Sep-2025 11:34:40 UTC] PHP Fatal error:  Uncaught Error: Class "App\Database" not found in /Users/giorgio/Documents/nexed/deep-dives/pokemon/Pok-dex/index.php:10
Stack trace:
#0 {main}
  thrown in /Users/giorgio/Documents/nexed/deep-dives/pokemon/Pok-dex/index.php on line 10
[02-Sep-2025 11:35:43 UTC] Xdebug: [Step Debug] Could not connect to debugging client. Tried: localhost:9003 (through xdebug.client_host/xdebug.client_port).
[02-Sep-2025 11:35:43 UTC] PHP Fatal error:  Uncaught Error: Class "App\Database" not found in /Users/giorgio/Documents/nexed/deep-dives/pokemon/Pok-dex/index.php:11
Stack trace:
#0 {main}
  thrown in /Users/giorgio/Documents/nexed/deep-dives/pokemon/Pok-dex/index.php on line 11
[02-Sep-2025 11:35:45 UTC] Xdebug: [Step Debug] Could not connect to debugging client. Tried: localhost:9003 (through xdebug.client_host/xdebug.client_port).
[02-Sep-2025 11:35:45 UTC] PHP Fatal error:  Uncaught Error: Class "App\Database" not found in /Users/giorgio/Documents/nexed/deep-dives/pokemon/Pok-dex/index.php:11
Stack trace:
#0 {main}
  thrown in /Users/giorgio/Documents/nexed/deep-dives/pokemon/Pok-dex/index.php on line 11
[02-Sep-2025 11:37:11 UTC] Xdebug: [Step Debug] Could not connect to debugging client. Tried: localhost:9003 (through xdebug.client_host/xdebug.client_port).
[02-Sep-2025 11:37:11 UTC] PHP Fatal error:  Uncaught Error: Class "App\Controller" not found in /Users/giorgio/Documents/nexed/deep-dives/pokemon/Pok-dex/index.php:35
Stack trace:
#0 {main}
  thrown in /Users/giorgio/Documents/nexed/deep-dives/pokemon/Pok-dex/index.php on line 35
[02-Sep-2025 11:37:15 UTC] Xdebug: [Step Debug] Could not connect to debugging client. Tried: localhost:9003 (through xdebug.client_host/xdebug.client_port).
[02-Sep-2025 11:37:15 UTC] PHP Fatal error:  Uncaught Error: Class "App\Controller" not found in /Users/giorgio/Documents/nexed/deep-dives/pokemon/Pok-dex/index.php:35
Stack trace:
#0 {main}
  thrown in /Users/giorgio/Documents/nexed/deep-dives/pokemon/Pok-dex/index.php on line 35
[02-Sep-2025 11:37:17 UTC] Xdebug: [Step Debug] Could not connect to debugging client. Tried: localhost:9003 (through xdebug.client_host/xdebug.client_port).
[02-Sep-2025 11:37:17 UTC] PHP Fatal error:  Uncaught Error: Class "App\Controller" not found in /Users/giorgio/Documents/nexed/deep-dives/pokemon/Pok-dex/index.php:35
Stack trace:
#0 {main}
  thrown in /Users/giorgio/Documents/nexed/deep-dives/pokemon/Pok-dex/index.php on line 35
[02-Sep-2025 11:37:33 UTC] Xdebug: [Step Debug] Could not connect to debugging client. Tried: localhost:9003 (through xdebug.client_host/xdebug.client_port).
[02-Sep-2025 11:37:34 UTC] Xdebug: [Step Debug] Could not connect to debugging client. Tried: localhost:9003 (through xdebug.client_host/xdebug.client_port).
[02-Sep-2025 11:37:34 UTC] Xdebug: [Step Debug] Could not connect to debugging client. Tried: localhost:9003 (through xdebug.client_host/xdebug.client_port).
[02-Sep-2025 11:37:54 UTC] Xdebug: [Step Debug] Could not connect to debugging client. Tried: localhost:9003 (through xdebug.client_host/xdebug.client_port).
[02-Sep-2025 11:37:54 UTC] PHP Fatal error:  Uncaught Error: Class "App\Controller" not found in /Users/giorgio/Documents/nexed/deep-dives/pokemon/Pok-dex/index.php:35
Stack trace:
#0 {main}
  thrown in /Users/giorgio/Documents/nexed/deep-dives/pokemon/Pok-dex/index.php on line 35
[02-Sep-2025 11:39:03 UTC] Xdebug: [Step Debug] Could not connect to debugging client. Tried: localhost:9003 (through xdebug.client_host/xdebug.client_port).
[02-Sep-2025 11:39:55 UTC] Xdebug: [Step Debug] Could not connect to debugging client. Tried: localhost:9003 (through xdebug.client_host/xdebug.client_port).
[02-Sep-2025 11:40:08 UTC] Xdebug: [Step Debug] Could not connect to debugging client. Tried: localhost:9003 (through xdebug.client_host/xdebug.client_port).
[02-Sep-2025 11:40:27 UTC] Xdebug: [Step Debug] Could not connect to debugging client. Tried: localhost:9003 (through xdebug.client_host/xdebug.client_port).
[02-Sep-2025 11:40:29 UTC] Xdebug: [Step Debug] Could not connect to debugging client. Tried: localhost:9003 (through xdebug.client_host/xdebug.client_port).
[02-Sep-2025 11:46:02 UTC] Xdebug: [Step Debug] Could not connect to debugging client. Tried: localhost:9003 (through xdebug.client_host/xdebug.client_port).
[02-Sep-2025 11:46:09 UTC] Xdebug: [Step Debug] Could not connect to debugging client. Tried: localhost:9003 (through xdebug.client_host/xdebug.client_port).
[02-Sep-2025 11:46:43 UTC] Xdebug: [Step Debug] Could not connect to debugging client. Tried: localhost:9003 (through xdebug.client_host/xdebug.client_port).
[02-Sep-2025 11:47:03 UTC] Xdebug: [Step Debug] Could not connect to debugging client. Tried: localhost:9003 (through xdebug.client_host/xdebug.client_port).
[02-Sep-2025 11:48:33 UTC] Xdebug: [Step Debug] Could not connect to debugging client. Tried: localhost:9003 (through xdebug.client_host/xdebug.client_port).
[02-Sep-2025 11:48:46 UTC] Xdebug: [Step Debug] Could not connect to debugging client. Tried: localhost:9003 (through xdebug.client_host/xdebug.client_port).
[02-Sep-2025 11:51:03 UTC] Xdebug: [Step Debug] Could not connect to debugging client. Tried: localhost:9003 (through xdebug.client_host/xdebug.client_port).
[02-Sep-2025 11:51:03 UTC] PHP Fatal error:  Uncaught PDOException: SQLSTATE[HY000] [1045] Access denied for user 'bit_academy'@'localhost' (using password: YES) in /Users/giorgio/Documents/nexed/deep-dives/pokemon/Pok-dex/src/classes/Database.php:24
Stack trace:
#0 /Users/giorgio/Documents/nexed/deep-dives/pokemon/Pok-dex/src/classes/Database.php(24): PDO->__construct('mysql:host=loca...', 'bit_academy', Object(SensitiveParameterValue))
#1 /Users/giorgio/Documents/nexed/deep-dives/pokemon/Pok-dex/index.php(14): App\Database->getConnection()
#2 {main}
  thrown in /Users/giorgio/Documents/nexed/deep-dives/pokemon/Pok-dex/src/classes/Database.php on line 24
[02-Sep-2025 12:03:20 UTC] Xdebug: [Step Debug] Could not connect to debugging client. Tried: localhost:9003 (through xdebug.client_host/xdebug.client_port).
[02-Sep-2025 12:03:20 UTC] PHP Fatal error:  Uncaught ArgumentCountError: Too few arguments to function App\ErrorHandler::handleException(), 0 passed in /Users/giorgio/Documents/nexed/deep-dives/pokemon/Pok-dex/index.php on line 13 and exactly 1 expected in /Users/giorgio/Documents/nexed/deep-dives/pokemon/Pok-dex/src/classes/ErrorHandler.php:7
Stack trace:
#0 /Users/giorgio/Documents/nexed/deep-dives/pokemon/Pok-dex/index.php(13): App\ErrorHandler::handleException()
#1 {main}
  thrown in /Users/giorgio/Documents/nexed/deep-dives/pokemon/Pok-dex/src/classes/ErrorHandler.php on line 7
[02-Sep-2025 12:03:29 UTC] Xdebug: [Step Debug] Could not connect to debugging client. Tried: localhost:9003 (through xdebug.client_host/xdebug.client_port).
[02-Sep-2025 12:03:29 UTC] PHP Fatal error:  Uncaught TypeError: set_exception_handler(): Argument #1 ($callback) must be a valid callback or null, class "ErrorHandler" not found in /Users/giorgio/Documents/nexed/deep-dives/pokemon/Pok-dex/index.php:14
Stack trace:
#0 /Users/giorgio/Documents/nexed/deep-dives/pokemon/Pok-dex/index.php(14): set_exception_handler('ErrorHandler::h...')
#1 {main}
  thrown in /Users/giorgio/Documents/nexed/deep-dives/pokemon/Pok-dex/index.php on line 14
[02-Sep-2025 12:03:48 UTC] Xdebug: [Step Debug] Could not connect to debugging client. Tried: localhost:9003 (through xdebug.client_host/xdebug.client_port).
[02-Sep-2025 12:03:48 UTC] PHP Fatal error:  Uncaught TypeError: set_exception_handler(): Argument #1 ($callback) must be a valid callback or null, class "ErrorHandler" not found in /Users/giorgio/Documents/nexed/deep-dives/pokemon/Pok-dex/index.php:12
Stack trace:
#0 /Users/giorgio/Documents/nexed/deep-dives/pokemon/Pok-dex/index.php(12): set_exception_handler('ErrorHandler::h...')
#1 {main}
  thrown in /Users/giorgio/Documents/nexed/deep-dives/pokemon/Pok-dex/index.php on line 12
[02-Sep-2025 12:03:50 UTC] Xdebug: [Step Debug] Could not connect to debugging client. Tried: localhost:9003 (through xdebug.client_host/xdebug.client_port).
[02-Sep-2025 12:03:50 UTC] PHP Fatal error:  Uncaught TypeError: set_exception_handler(): Argument #1 ($callback) must be a valid callback or null, class "ErrorHandler" not found in /Users/giorgio/Documents/nexed/deep-dives/pokemon/Pok-dex/index.php:12
Stack trace:
#0 /Users/giorgio/Documents/nexed/deep-dives/pokemon/Pok-dex/index.php(12): set_exception_handler('ErrorHandler::h...')
#1 {main}
  thrown in /Users/giorgio/Documents/nexed/deep-dives/pokemon/Pok-dex/index.php on line 12
[02-Sep-2025 12:03:51 UTC] Xdebug: [Step Debug] Could not connect to debugging client. Tried: localhost:9003 (through xdebug.client_host/xdebug.client_port).
[02-Sep-2025 12:03:51 UTC] PHP Fatal error:  Uncaught TypeError: set_exception_handler(): Argument #1 ($callback) must be a valid callback or null, class "ErrorHandler" not found in /Users/giorgio/Documents/nexed/deep-dives/pokemon/Pok-dex/index.php:12
Stack trace:
#0 /Users/giorgio/Documents/nexed/deep-dives/pokemon/Pok-dex/index.php(12): set_exception_handler('ErrorHandler::h...')
#1 {main}
  thrown in /Users/giorgio/Documents/nexed/deep-dives/pokemon/Pok-dex/index.php on line 12
[02-Sep-2025 12:10:59 UTC] Xdebug: [Step Debug] Could not connect to debugging client. Tried: localhost:9003 (through xdebug.client_host/xdebug.client_port).
[02-Sep-2025 12:10:59 UTC] Xdebug: [Step Debug] Could not connect to debugging client. Tried: localhost:9003 (through xdebug.client_host/xdebug.client_port).
[02-Sep-2025 12:11:06 UTC] Xdebug: [Step Debug] Could not connect to debugging client. Tried: localhost:9003 (through xdebug.client_host/xdebug.client_port).
[02-Sep-2025 12:11:06 UTC] Xdebug: [Step Debug] Could not connect to debugging client. Tried: localhost:9003 (through xdebug.client_host/xdebug.client_port).
[02-Sep-2025 12:11:08 UTC] Xdebug: [Step Debug] Could not connect to debugging client. Tried: localhost:9003 (through xdebug.client_host/xdebug.client_port).
[02-Sep-2025 12:11:08 UTC] Xdebug: [Step Debug] Could not connect to debugging client. Tried: localhost:9003 (through xdebug.client_host/xdebug.client_port).
[02-Sep-2025 12:12:14 UTC] Xdebug: [Step Debug] Could not connect to debugging client. Tried: localhost:9003 (through xdebug.client_host/xdebug.client_port).
[02-Sep-2025 12:27:49 UTC] Xdebug: [Step Debug] Could not connect to debugging client. Tried: localhost:9003 (through xdebug.client_host/xdebug.client_port).
[02-Sep-2025 12:27:52 UTC] Xdebug: [Step Debug] Could not connect to debugging client. Tried: localhost:9003 (through xdebug.client_host/xdebug.client_port).
[02-Sep-2025 12:27:53 UTC] Xdebug: [Step Debug] Could not connect to debugging client. Tried: localhost:9003 (through xdebug.client_host/xdebug.client_port).
[02-Sep-2025 12:28:14 UTC] Xdebug: [Step Debug] Could not connect to debugging client. Tried: localhost:9003 (through xdebug.client_host/xdebug.client_port).
[02-Sep-2025 12:28:56 UTC] Xdebug: [Step Debug] Could not connect to debugging client. Tried: localhost:9003 (through xdebug.client_host/xdebug.client_port).
[02-Sep-2025 12:29:24 UTC] Xdebug: [Step Debug] Could not connect to debugging client. Tried: localhost:9003 (through xdebug.client_host/xdebug.client_port).
[02-Sep-2025 12:29:38 UTC] Xdebug: [Step Debug] Could not connect to debugging client. Tried: localhost:9003 (through xdebug.client_host/xdebug.client_port).
[02-Sep-2025 12:30:59 UTC] Xdebug: [Step Debug] Could not connect to debugging client. Tried: localhost:9003 (through xdebug.client_host/xdebug.client_port).
[02-Sep-2025 12:33:55 UTC] Xdebug: [Step Debug] Could not connect to debugging client. Tried: localhost:9003 (through xdebug.client_host/xdebug.client_port).
[02-Sep-2025 12:34:35 UTC] Xdebug: [Step Debug] Could not connect to debugging client. Tried: localhost:9003 (through xdebug.client_host/xdebug.client_port).
[02-Sep-2025 12:34:42 UTC] Xdebug: [Step Debug] Could not connect to debugging client. Tried: localhost:9003 (through xdebug.client_host/xdebug.client_port).
[02-Sep-2025 12:38:19 UTC] Xdebug: [Step Debug] Could not connect to debugging client. Tried: localhost:9003 (through xdebug.client_host/xdebug.client_port).
[02-Sep-2025 12:38:48 UTC] Xdebug: [Step Debug] Could not connect to debugging client. Tried: localhost:9003 (through xdebug.client_host/xdebug.client_port).
[02-Sep-2025 12:40:30 UTC] Xdebug: [Step Debug] Could not connect to debugging client. Tried: localhost:9003 (through xdebug.client_host/xdebug.client_port).
[02-Sep-2025 12:41:30 UTC] Xdebug: [Step Debug] Could not connect to debugging client. Tried: localhost:9003 (through xdebug.client_host/xdebug.client_port).
[02-Sep-2025 12:41:41 UTC] Xdebug: [Step Debug] Could not connect to debugging client. Tried: localhost:9003 (through xdebug.client_host/xdebug.client_port).
[02-Sep-2025 12:42:43 UTC] Xdebug: [Step Debug] Could not connect to debugging client. Tried: localhost:9003 (through xdebug.client_host/xdebug.client_port).
[02-Sep-2025 12:43:00 UTC] Xdebug: [Step Debug] Could not connect to debugging client. Tried: localhost:9003 (through xdebug.client_host/xdebug.client_port).
[02-Sep-2025 12:43:02 UTC] Xdebug: [Step Debug] Could not connect to debugging client. Tried: localhost:9003 (through xdebug.client_host/xdebug.client_port).
[02-Sep-2025 12:44:07 UTC] Xdebug: [Step Debug] Could not connect to debugging client. Tried: localhost:9003 (through xdebug.client_host/xdebug.client_port).
[02-Sep-2025 12:45:06 UTC] Xdebug: [Step Debug] Could not connect to debugging client. Tried: localhost:9003 (through xdebug.client_host/xdebug.client_port).
[02-Sep-2025 12:45:10 UTC] Xdebug: [Step Debug] Could not connect to debugging client. Tried: localhost:9003 (through xdebug.client_host/xdebug.client_port).
[02-Sep-2025 12:45:13 UTC] Xdebug: [Step Debug] Could not connect to debugging client. Tried: localhost:9003 (through xdebug.client_host/xdebug.client_port).
[02-Sep-2025 12:45:15 UTC] Xdebug: [Step Debug] Could not connect to debugging client. Tried: localhost:9003 (through xdebug.client_host/xdebug.client_port).
[02-Sep-2025 12:45:18 UTC] Xdebug: [Step Debug] Could not connect to debugging client. Tried: localhost:9003 (through xdebug.client_host/xdebug.client_port).
[02-Sep-2025 12:45:25 UTC] Xdebug: [Step Debug] Could not connect to debugging client. Tried: localhost:9003 (through xdebug.client_host/xdebug.client_port).
[02-Sep-2025 12:45:29 UTC] Xdebug: [Step Debug] Could not connect to debugging client. Tried: localhost:9003 (through xdebug.client_host/xdebug.client_port).
[02-Sep-2025 12:45:46 UTC] Xdebug: [Step Debug] Could not connect to debugging client. Tried: localhost:9003 (through xdebug.client_host/xdebug.client_port).
[02-Sep-2025 12:46:40 UTC] Xdebug: [Step Debug] Could not connect to debugging client. Tried: localhost:9003 (through xdebug.client_host/xdebug.client_port).
[02-Sep-2025 12:46:52 UTC] Xdebug: [Step Debug] Could not connect to debugging client. Tried: localhost:9003 (through xdebug.client_host/xdebug.client_port).
[02-Sep-2025 12:48:04 UTC] Xdebug: [Step Debug] Could not connect to debugging client. Tried: localhost:9003 (through xdebug.client_host/xdebug.client_port).
[02-Sep-2025 12:48:10 UTC] Xdebug: [Step Debug] Could not connect to debugging client. Tried: localhost:9003 (through xdebug.client_host/xdebug.client_port).
[02-Sep-2025 12:51:50 UTC] Xdebug: [Step Debug] Could not connect to debugging client. Tried: localhost:9003 (through xdebug.client_host/xdebug.client_port).
[02-Sep-2025 12:54:05 UTC] Xdebug: [Step Debug] Could not connect to debugging client. Tried: localhost:9003 (through xdebug.client_host/xdebug.client_port).
[02-Sep-2025 12:54:31 UTC] Xdebug: [Step Debug] Could not connect to debugging client. Tried: localhost:9003 (through xdebug.client_host/xdebug.client_port).
[02-Sep-2025 12:54:55 UTC] Xdebug: [Step Debug] Could not connect to debugging client. Tried: localhost:9003 (through xdebug.client_host/xdebug.client_port).
[02-Sep-2025 12:57:02 UTC] Xdebug: [Step Debug] Could not connect to debugging client. Tried: localhost:9003 (through xdebug.client_host/xdebug.client_port).
[02-Sep-2025 12:59:50 UTC] Xdebug: [Step Debug] Could not connect to debugging client. Tried: localhost:9003 (through xdebug.client_host/xdebug.client_port).
[02-Sep-2025 13:00:12 UTC] Xdebug: [Step Debug] Could not connect to debugging client. Tried: localhost:9003 (through xdebug.client_host/xdebug.client_port).
[02-Sep-2025 13:01:12 UTC] Xdebug: [Step Debug] Could not connect to debugging client. Tried: localhost:9003 (through xdebug.client_host/xdebug.client_port).
[02-Sep-2025 13:01:22 UTC] Xdebug: [Step Debug] Could not connect to debugging client. Tried: localhost:9003 (through xdebug.client_host/xdebug.client_port).
[02-Sep-2025 13:01:25 UTC] Xdebug: [Step Debug] Could not connect to debugging client. Tried: localhost:9003 (through xdebug.client_host/xdebug.client_port).
[02-Sep-2025 13:02:32 UTC] Xdebug: [Step Debug] Could not connect to debugging client. Tried: localhost:9003 (through xdebug.client_host/xdebug.client_port).
[02-Sep-2025 13:03:23 UTC] Xdebug: [Step Debug] Could not connect to debugging client. Tried: localhost:9003 (through xdebug.client_host/xdebug.client_port).
[02-Sep-2025 13:24:14 UTC] Xdebug: [Step Debug] Could not connect to debugging client. Tried: localhost:9003 (through xdebug.client_host/xdebug.client_port).
[02-Sep-2025 13:24:14 UTC] Xdebug: [Step Debug] Could not connect to debugging client. Tried: localhost:9003 (through xdebug.client_host/xdebug.client_port).
[02-Sep-2025 13:24:45 UTC] Xdebug: [Step Debug] Could not connect to debugging client. Tried: localhost:9003 (through xdebug.client_host/xdebug.client_port).
[02-Sep-2025 13:24:46 UTC] Xdebug: [Step Debug] Could not connect to debugging client. Tried: localhost:9003 (through xdebug.client_host/xdebug.client_port).
[02-Sep-2025 13:25:04 UTC] Xdebug: [Step Debug] Could not connect to debugging client. Tried: localhost:9003 (through xdebug.client_host/xdebug.client_port).
[02-Sep-2025 13:25:04 UTC] Xdebug: [Step Debug] Could not connect to debugging client. Tried: localhost:9003 (through xdebug.client_host/xdebug.client_port).
[02-Sep-2025 13:26:06 UTC] Xdebug: [Step Debug] Could not connect to debugging client. Tried: localhost:9003 (through xdebug.client_host/xdebug.client_port).
[02-Sep-2025 13:26:30 UTC] Xdebug: [Step Debug] Could not connect to debugging client. Tried: localhost:9003 (through xdebug.client_host/xdebug.client_port).
[02-Sep-2025 13:28:55 UTC] Xdebug: [Step Debug] Could not connect to debugging client. Tried: localhost:9003 (through xdebug.client_host/xdebug.client_port).
[02-Sep-2025 13:30:48 UTC] Xdebug: [Step Debug] Could not connect to debugging client. Tried: localhost:9003 (through xdebug.client_host/xdebug.client_port).
[02-Sep-2025 13:31:42 UTC] Xdebug: [Step Debug] Could not connect to debugging client. Tried: localhost:9003 (through xdebug.client_host/xdebug.client_port).
[02-Sep-2025 13:31:42 UTC] PHP Warning:  Undefined array key "name" in /Users/giorgio/Documents/nexed/deep-dives/pokemon/Pok-dex/src/classes/PokedexGateway.php on line 52
[02-Sep-2025 13:31:42 UTC] PHP Warning:  Undefined array key "species" in /Users/giorgio/Documents/nexed/deep-dives/pokemon/Pok-dex/src/classes/PokedexGateway.php on line 53
[02-Sep-2025 13:31:42 UTC] PHP Warning:  Undefined array key "height" in /Users/giorgio/Documents/nexed/deep-dives/pokemon/Pok-dex/src/classes/PokedexGateway.php on line 54
[02-Sep-2025 13:31:42 UTC] PHP Warning:  Undefined array key "weight" in /Users/giorgio/Documents/nexed/deep-dives/pokemon/Pok-dex/src/classes/PokedexGateway.php on line 55
[02-Sep-2025 13:31:42 UTC] PHP Warning:  Undefined array key "primary_ability_id" in /Users/giorgio/Documents/nexed/deep-dives/pokemon/Pok-dex/src/classes/PokedexGateway.php on line 56
[02-Sep-2025 13:31:42 UTC] PHP Warning:  Undefined array key "primary_type_id" in /Users/giorgio/Documents/nexed/deep-dives/pokemon/Pok-dex/src/classes/PokedexGateway.php on line 58
[02-Sep-2025 13:31:42 UTC] PHP Warning:  Undefined array key "habitat_id" in /Users/giorgio/Documents/nexed/deep-dives/pokemon/Pok-dex/src/classes/PokedexGateway.php on line 60
[02-Sep-2025 13:31:42 UTC] Xdebug: [Step Debug] Could not connect to debugging client. Tried: localhost:9003 (through xdebug.client_host/xdebug.client_port).
[02-Sep-2025 13:32:45 UTC] Xdebug: [Step Debug] Could not connect to debugging client. Tried: localhost:9003 (through xdebug.client_host/xdebug.client_port).
[02-Sep-2025 13:32:45 UTC] PHP Warning:  Undefined array key "name" in /Users/giorgio/Documents/nexed/deep-dives/pokemon/Pok-dex/src/classes/PokedexGateway.php on line 52
[02-Sep-2025 13:32:45 UTC] PHP Warning:  Undefined array key "species" in /Users/giorgio/Documents/nexed/deep-dives/pokemon/Pok-dex/src/classes/PokedexGateway.php on line 53
[02-Sep-2025 13:32:45 UTC] PHP Warning:  Undefined array key "height" in /Users/giorgio/Documents/nexed/deep-dives/pokemon/Pok-dex/src/classes/PokedexGateway.php on line 54
[02-Sep-2025 13:32:45 UTC] PHP Warning:  Undefined array key "weight" in /Users/giorgio/Documents/nexed/deep-dives/pokemon/Pok-dex/src/classes/PokedexGateway.php on line 55
[02-Sep-2025 13:32:45 UTC] PHP Warning:  Undefined array key "primary_ability_id" in /Users/giorgio/Documents/nexed/deep-dives/pokemon/Pok-dex/src/classes/PokedexGateway.php on line 56
[02-Sep-2025 13:32:45 UTC] PHP Warning:  Undefined array key "primary_type_id" in /Users/giorgio/Documents/nexed/deep-dives/pokemon/Pok-dex/src/classes/PokedexGateway.php on line 58
[02-Sep-2025 13:32:45 UTC] PHP Warning:  Undefined array key "habitat_id" in /Users/giorgio/Documents/nexed/deep-dives/pokemon/Pok-dex/src/classes/PokedexGateway.php on line 60
[02-Sep-2025 13:32:45 UTC] Xdebug: [Step Debug] Could not connect to debugging client. Tried: localhost:9003 (through xdebug.client_host/xdebug.client_port).
[02-Sep-2025 13:45:32 UTC] Xdebug: [Step Debug] Could not connect to debugging client. Tried: localhost:9003 (through xdebug.client_host/xdebug.client_port).
[02-Sep-2025 13:45:52 UTC] Xdebug: [Step Debug] Could not connect to debugging client. Tried: localhost:9003 (through xdebug.client_host/xdebug.client_port).
[02-Sep-2025 13:45:59 UTC] Xdebug: [Step Debug] Could not connect to debugging client. Tried: localhost:9003 (through xdebug.client_host/xdebug.client_port).
[02-Sep-2025 13:46:23 UTC] Xdebug: [Step Debug] Could not connect to debugging client. Tried: localhost:9003 (through xdebug.client_host/xdebug.client_port).
[02-Sep-2025 13:46:53 UTC] Xdebug: [Step Debug] Could not connect to debugging client. Tried: localhost:9003 (through xdebug.client_host/xdebug.client_port).
[02-Sep-2025 13:48:43 UTC] Xdebug: [Step Debug] Could not connect to debugging client. Tried: localhost:9003 (through xdebug.client_host/xdebug.client_port).
[02-Sep-2025 13:55:39 UTC] Xdebug: [Step Debug] Could not connect to debugging client. Tried: localhost:9003 (through xdebug.client_host/xdebug.client_port).
[02-Sep-2025 13:56:28 UTC] Xdebug: [Step Debug] Could not connect to debugging client. Tried: localhost:9003 (through xdebug.client_host/xdebug.client_port).
[02-Sep-2025 13:56:30 UTC] Xdebug: [Step Debug] Could not connect to debugging client. Tried: localhost:9003 (through xdebug.client_host/xdebug.client_port).
[02-Sep-2025 13:57:47 UTC] Xdebug: [Step Debug] Could not connect to debugging client. Tried: localhost:9003 (through xdebug.client_host/xdebug.client_port).
[02-Sep-2025 13:57:49 UTC] Xdebug: [Step Debug] Could not connect to debugging client. Tried: localhost:9003 (through xdebug.client_host/xdebug.client_port).
[02-Sep-2025 14:00:22 UTC] Xdebug: [Step Debug] Could not connect to debugging client. Tried: localhost:9003 (through xdebug.client_host/xdebug.client_port).
[02-Sep-2025 14:00:24 UTC] Xdebug: [Step Debug] Could not connect to debugging client. Tried: localhost:9003 (through xdebug.client_host/xdebug.client_port).
[02-Sep-2025 14:00:49 UTC] Xdebug: [Step Debug] Could not connect to debugging client. Tried: localhost:9003 (through xdebug.client_host/xdebug.client_port).
[02-Sep-2025 14:19:56 UTC] Xdebug: [Step Debug] Could not connect to debugging client. Tried: localhost:9003 (through xdebug.client_host/xdebug.client_port).
[02-Sep-2025 14:20:09 UTC] Xdebug: [Step Debug] Could not connect to debugging client. Tried: localhost:9003 (through xdebug.client_host/xdebug.client_port).
[02-Sep-2025 14:20:09 UTC] Xdebug: [Step Debug] Could not connect to debugging client. Tried: localhost:9003 (through xdebug.client_host/xdebug.client_port).
[02-Sep-2025 14:21:49 UTC] Xdebug: [Step Debug] Could not connect to debugging client. Tried: localhost:9003 (through xdebug.client_host/xdebug.client_port).
[02-Sep-2025 14:22:05 UTC] Xdebug: [Step Debug] Could not connect to debugging client. Tried: localhost:9003 (through xdebug.client_host/xdebug.client_port).
[02-Sep-2025 14:22:30 UTC] Xdebug: [Step Debug] Could not connect to debugging client. Tried: localhost:9003 (through xdebug.client_host/xdebug.client_port).
[02-Sep-2025 14:23:04 UTC] Xdebug: [Step Debug] Could not connect to debugging client. Tried: localhost:9003 (through xdebug.client_host/xdebug.client_port).
[02-Sep-2025 14:24:31 UTC] Xdebug: [Step Debug] Could not connect to debugging client. Tried: localhost:9003 (through xdebug.client_host/xdebug.client_port).
[02-Sep-2025 14:24:47 UTC] Xdebug: [Step Debug] Could not connect to debugging client. Tried: localhost:9003 (through xdebug.client_host/xdebug.client_port).
[02-Sep-2025 14:25:04 UTC] Xdebug: [Step Debug] Could not connect to debugging client. Tried: localhost:9003 (through xdebug.client_host/xdebug.client_port).
[02-Sep-2025 14:25:39 UTC] Xdebug: [Step Debug] Could not connect to debugging client. Tried: localhost:9003 (through xdebug.client_host/xdebug.client_port).
[02-Sep-2025 14:25:42 UTC] Xdebug: [Step Debug] Could not connect to debugging client. Tried: localhost:9003 (through xdebug.client_host/xdebug.client_port).
[02-Sep-2025 14:25:51 UTC] Xdebug: [Step Debug] Could not connect to debugging client. Tried: localhost:9003 (through xdebug.client_host/xdebug.client_port).
[02-Sep-2025 14:25:54 UTC] Xdebug: [Step Debug] Could not connect to debugging client. Tried: localhost:9003 (through xdebug.client_host/xdebug.client_port).
[02-Sep-2025 14:32:59 UTC] Xdebug: [Step Debug] Could not connect to debugging client. Tried: localhost:9003 (through xdebug.client_host/xdebug.client_port).
[02-Sep-2025 14:33:18 UTC] Xdebug: [Step Debug] Could not connect to debugging client. Tried: localhost:9003 (through xdebug.client_host/xdebug.client_port).
[02-Sep-2025 14:33:50 UTC] Xdebug: [Step Debug] Could not connect to debugging client. Tried: localhost:9003 (through xdebug.client_host/xdebug.client_port).
[02-Sep-2025 14:33:55 UTC] Xdebug: [Step Debug] Could not connect to debugging client. Tried: localhost:9003 (through xdebug.client_host/xdebug.client_port).
[02-Sep-2025 14:34:38 UTC] Xdebug: [Step Debug] Could not connect to debugging client. Tried: localhost:9003 (through xdebug.client_host/xdebug.client_port).
[02-Sep-2025 14:36:51 UTC] Xdebug: [Step Debug] Could not connect to debugging client. Tried: localhost:9003 (through xdebug.client_host/xdebug.client_port).
[02-Sep-2025 14:36:53 UTC] Xdebug: [Step Debug] Could not connect to debugging client. Tried: localhost:9003 (through xdebug.client_host/xdebug.client_port).
[02-Sep-2025 14:36:56 UTC] Xdebug: [Step Debug] Could not connect to debugging client. Tried: localhost:9003 (through xdebug.client_host/xdebug.client_port).
[02-Sep-2025 14:37:49 UTC] Xdebug: [Step Debug] Could not connect to debugging client. Tried: localhost:9003 (through xdebug.client_host/xdebug.client_port).
[02-Sep-2025 14:38:19 UTC] Xdebug: [Step Debug] Could not connect to debugging client. Tried: localhost:9003 (through xdebug.client_host/xdebug.client_port).
[02-Sep-2025 14:38:25 UTC] Xdebug: [Step Debug] Could not connect to debugging client. Tried: localhost:9003 (through xdebug.client_host/xdebug.client_port).
[02-Sep-2025 14:38:45 UTC] Xdebug: [Step Debug] Could not connect to debugging client. Tried: localhost:9003 (through xdebug.client_host/xdebug.client_port).
[02-Sep-2025 14:38:49 UTC] Xdebug: [Step Debug] Could not connect to debugging client. Tried: localhost:9003 (through xdebug.client_host/xdebug.client_port).
[02-Sep-2025 14:39:09 UTC] Xdebug: [Step Debug] Could not connect to debugging client. Tried: localhost:9003 (through xdebug.client_host/xdebug.client_port).
[02-Sep-2025 14:39:13 UTC] Xdebug: [Step Debug] Could not connect to debugging client. Tried: localhost:9003 (through xdebug.client_host/xdebug.client_port).
[02-Sep-2025 14:39:58 UTC] Xdebug: [Step Debug] Could not connect to debugging client. Tried: localhost:9003 (through xdebug.client_host/xdebug.client_port).
[02-Sep-2025 14:41:35 UTC] Xdebug: [Step Debug] Could not connect to debugging client. Tried: localhost:9003 (through xdebug.client_host/xdebug.client_port).
[02-Sep-2025 14:41:43 UTC] Xdebug: [Step Debug] Could not connect to debugging client. Tried: localhost:9003 (through xdebug.client_host/xdebug.client_port).
[02-Sep-2025 14:41:46 UTC] Xdebug: [Step Debug] Could not connect to debugging client. Tried: localhost:9003 (through xdebug.client_host/xdebug.client_port).
[02-Sep-2025 14:41:50 UTC] Xdebug: [Step Debug] Could not connect to debugging client. Tried: localhost:9003 (through xdebug.client_host/xdebug.client_port).
[02-Sep-2025 14:41:53 UTC] Xdebug: [Step Debug] Could not connect to debugging client. Tried: localhost:9003 (through xdebug.client_host/xdebug.client_port).
[02-Sep-2025 14:43:15 UTC] Xdebug: [Step Debug] Could not connect to debugging client. Tried: localhost:9003 (through xdebug.client_host/xdebug.client_port).
[02-Sep-2025 14:43:17 UTC] Xdebug: [Step Debug] Could not connect to debugging client. Tried: localhost:9003 (through xdebug.client_host/xdebug.client_port).
[02-Sep-2025 16:09:58 UTC] Xdebug: [Step Debug] Could not connect to debugging client. Tried: localhost:9003 (through xdebug.client_host/xdebug.client_port).
[02-Sep-2025 16:10:10 UTC] Xdebug: [Step Debug] Could not connect to debugging client. Tried: localhost:9003 (through xdebug.client_host/xdebug.client_port).
[02-Sep-2025 16:10:23 UTC] Xdebug: [Step Debug] Could not connect to debugging client. Tried: localhost:9003 (through xdebug.client_host/xdebug.client_port).
[02-Sep-2025 16:11:31 UTC] Xdebug: [Step Debug] Could not connect to debugging client. Tried: localhost:9003 (through xdebug.client_host/xdebug.client_port).
[02-Sep-2025 16:11:51 UTC] Xdebug: [Step Debug] Could not connect to debugging client. Tried: localhost:9003 (through xdebug.client_host/xdebug.client_port).
[02-Sep-2025 16:11:58 UTC] Xdebug: [Step Debug] Could not connect to debugging client. Tried: localhost:9003 (through xdebug.client_host/xdebug.client_port).
[02-Sep-2025 16:13:26 UTC] Xdebug: [Step Debug] Could not connect to debugging client. Tried: localhost:9003 (through xdebug.client_host/xdebug.client_port).
[02-Sep-2025 16:13:26 UTC] PHP Warning:  Undefined array key "primary_type_id" in /Users/giorgio/Documents/nexed/deep-dives/pokemon/Pok-dex/src/classes/PokedexGateway.php on line 58
[02-Sep-2025 16:13:26 UTC] Xdebug: [Step Debug] Could not connect to debugging client. Tried: localhost:9003 (through xdebug.client_host/xdebug.client_port).
[02-Sep-2025 16:13:33 UTC] Xdebug: [Step Debug] Could not connect to debugging client. Tried: localhost:9003 (through xdebug.client_host/xdebug.client_port).
[02-Sep-2025 16:13:33 UTC] PHP Warning:  Undefined array key "primary_type_id" in /Users/giorgio/Documents/nexed/deep-dives/pokemon/Pok-dex/src/classes/PokedexGateway.php on line 58
[02-Sep-2025 16:13:33 UTC] Xdebug: [Step Debug] Could not connect to debugging client. Tried: localhost:9003 (through xdebug.client_host/xdebug.client_port).
[02-Sep-2025 16:13:39 UTC] Xdebug: [Step Debug] Could not connect to debugging client. Tried: localhost:9003 (through xdebug.client_host/xdebug.client_port).
[02-Sep-2025 16:13:39 UTC] Xdebug: [Step Debug] Could not connect to debugging client. Tried: localhost:9003 (through xdebug.client_host/xdebug.client_port).
[02-Sep-2025 16:13:49 UTC] Xdebug: [Step Debug] Could not connect to debugging client. Tried: localhost:9003 (through xdebug.client_host/xdebug.client_port).
[02-Sep-2025 16:13:59 UTC] Xdebug: [Step Debug] Could not connect to debugging client. Tried: localhost:9003 (through xdebug.client_host/xdebug.client_port).
[02-Sep-2025 16:14:14 UTC] Xdebug: [Step Debug] Could not connect to debugging client. Tried: localhost:9003 (through xdebug.client_host/xdebug.client_port).
[02-Sep-2025 16:14:21 UTC] Xdebug: [Step Debug] Could not connect to debugging client. Tried: localhost:9003 (through xdebug.client_host/xdebug.client_port).
[02-Sep-2025 16:14:25 UTC] Xdebug: [Step Debug] Could not connect to debugging client. Tried: localhost:9003 (through xdebug.client_host/xdebug.client_port).
[02-Sep-2025 16:14:43 UTC] Xdebug: [Step Debug] Could not connect to debugging client. Tried: localhost:9003 (through xdebug.client_host/xdebug.client_port).
[02-Sep-2025 16:14:47 UTC] Xdebug: [Step Debug] Could not connect to debugging client. Tried: localhost:9003 (through xdebug.client_host/xdebug.client_port).
